This file contains any messages produced by compilers while
running configure, to aid debugging if configure makes a mistake.

It was created by configure, which was
generated by GNU Autoconf 2.61.  Invocation command line was

  $ ./configure 

## --------- ##
## Platform. ##
## --------- ##

hostname = darwin-laptop
uname -m = i686
uname -r = 2.6.22-14-generic
uname -s = Linux
uname -v = #1 SMP Tue Feb 12 07:42:25 UTC 2008

/usr/bin/uname -p = unknown
/bin/uname -X     = unknown

/bin/arch              = unknown
/usr/bin/arch -k       = unknown
/usr/convex/getsysinfo = unknown
/usr/bin/hostinfo      = unknown
/bin/machine           = unknown
/usr/bin/oslevel       = unknown
/bin/universe          = unknown

PATH: /usr/share/java/jdk1.5.0_12/bin
PATH: /usr/share/java/apache-ant-1.7.0/bin
PATH: /usr/local/apr/bin
PATH: .
PATH: /usr/local/sbin
PATH: /usr/local/bin
PATH: /usr/sbin
PATH: /usr/bin
PATH: /sbin
PATH: /bin
PATH: /usr/games


## ----------- ##
## Core tests. ##
## ----------- ##

configure:2079: checking for a BSD-compatible install
configure:2135: result: /usr/bin/install -c
configure:2146: checking whether build environment is sane
configure:2189: result: yes
configure:2217: checking for a thread-safe mkdir -p
configure:2256: result: /bin/mkdir -p
configure:2269: checking for gawk
configure:2285: found /usr/bin/gawk
configure:2296: result: gawk
configure:2307: checking whether make sets $(MAKE)
configure:2328: result: yes
configure:2523: checking whether make sets $(MAKE)
configure:2544: result: yes
configure:2566: checking for a BSD-compatible install
configure:2622: result: /usr/bin/install -c
configure:2687: checking for gcc
configure:2703: found /usr/bin/gcc
configure:2714: result: gcc
configure:2952: checking for C compiler version
configure:2959: gcc --version >&5
gcc (GCC) 4.1.3 20070929 (prerelease) (Ubuntu 4.1.2-16ubuntu2)
Copyright (C) 2006 Free Software Foundation, Inc.
This is free software; see the source for copying conditions.  There is NO
warranty; not even for MERCHANTABILITY or FITNESS FOR A PARTICULAR PURPOSE.

configure:2962: $? = 0
configure:2969: gcc -v >&5
Using built-in specs.
Target: i486-linux-gnu
Configured with: ../src/configure -v --enable-languages=c,c++,fortran,objc,obj-c++,treelang --prefix=/usr --enable-shared --with-system-zlib --libexecdir=/usr/lib --without-included-gettext --enable-threads=posix --enable-nls --with-gxx-include-dir=/usr/include/c++/4.1.3 --program-suffix=-4.1 --enable-__cxa_atexit --enable-clocale=gnu --enable-libstdcxx-debug --enable-mpfr --enable-checking=release i486-linux-gnu
Thread model: posix
gcc version 4.1.3 20070929 (prerelease) (Ubuntu 4.1.2-16ubuntu2)
configure:2972: $? = 0
configure:2979: gcc -V >&5
gcc: '-V' option must have argument
configure:2982: $? = 1
configure:3005: checking for C compiler default output file name
configure:3032: gcc    conftest.c  >&5
configure:3035: $? = 0
configure:3073: result: a.out
configure:3090: checking whether the C compiler works
configure:3100: ./a.out
configure:3103: $? = 0
configure:3120: result: yes
configure:3127: checking whether we are cross compiling
configure:3129: result: no
configure:3132: checking for suffix of executables
configure:3139: gcc -o conftest    conftest.c  >&5
configure:3142: $? = 0
configure:3166: result: 
configure:3172: checking for suffix of object files
configure:3198: gcc -c   conftest.c >&5
configure:3201: $? = 0
configure:3224: result: o
configure:3228: checking whether we are using the GNU C compiler
configure:3257: gcc -c   conftest.c >&5
configure:3263: $? = 0
configure:3280: result: yes
configure:3285: checking whether gcc accepts -g
configure:3315: gcc -c -g  conftest.c >&5
configure:3321: $? = 0
configure:3420: result: yes
configure:3437: checking for gcc option to accept ISO C89
configure:3511: gcc  -c -g -O2  conftest.c >&5
configure:3517: $? = 0
configure:3540: result: none needed
configure:3569: checking for style of include used by make
configure:3597: result: GNU
configure:3622: checking dependency style of gcc
configure:3713: result: gcc3
configure:3786: checking for g++
configure:3802: found /usr/bin/g++
configure:3813: result: g++
configure:3844: checking for C++ compiler version
configure:3851: g++ --version >&5
g++ (GCC) 4.1.3 20070929 (prerelease) (Ubuntu 4.1.2-16ubuntu2)
Copyright (C) 2006 Free Software Foundation, Inc.
This is free software; see the source for copying conditions.  There is NO
warranty; not even for MERCHANTABILITY or FITNESS FOR A PARTICULAR PURPOSE.

configure:3854: $? = 0
configure:3861: g++ -v >&5
Using built-in specs.
Target: i486-linux-gnu
Configured with: ../src/configure -v --enable-languages=c,c++,fortran,objc,obj-c++,treelang --prefix=/usr --enable-shared --with-system-zlib --libexecdir=/usr/lib --without-included-gettext --enable-threads=posix --enable-nls --with-gxx-include-dir=/usr/include/c++/4.1.3 --program-suffix=-4.1 --enable-__cxa_atexit --enable-clocale=gnu --enable-libstdcxx-debug --enable-mpfr --enable-checking=release i486-linux-gnu
Thread model: posix
gcc version 4.1.3 20070929 (prerelease) (Ubuntu 4.1.2-16ubuntu2)
configure:3864: $? = 0
configure:3871: g++ -V >&5
g++: '-V' option must have argument
configure:3874: $? = 1
configure:3877: checking whether we are using the GNU C++ compiler
configure:3906: g++ -c   conftest.cpp >&5
configure:3912: $? = 0
configure:3929: result: yes
configure:3934: checking whether g++ accepts -g
configure:3964: g++ -c -g  conftest.cpp >&5
configure:3970: $? = 0
configure:4069: result: yes
configure:4094: checking dependency style of g++
configure:4185: result: gcc3
configure:4287: checking build system type
configure:4305: result: i686-pc-linux-gnu
configure:4327: checking host system type
configure:4342: result: i686-pc-linux-gnu
configure:4364: checking for a sed that does not truncate output
configure:4420: result: /bin/sed
configure:4423: checking for grep that handles long lines and -e
configure:4497: result: /bin/grep
configure:4502: checking for egrep
configure:4580: result: /bin/grep -E
configure:4596: checking for ld used by gcc
configure:4663: result: /usr/bin/ld
configure:4672: checking if the linker (/usr/bin/ld) is GNU ld
configure:4687: result: yes
configure:4692: checking for /usr/bin/ld option to reload object files
configure:4699: result: -r
configure:4717: checking for BSD-compatible nm
configure:4766: result: /usr/bin/nm -B
configure:4770: checking whether ln -s works
configure:4774: result: yes
configure:4781: checking how to recognize dependent libraries
configure:4967: result: pass_all
configure:5208: checking how to run the C preprocessor
configure:5248: gcc -E  conftest.c
configure:5254: $? = 0
configure:5285: gcc -E  conftest.c
conftest.c:10:28: error: ac_nonexistent.h: No such file or directory
configure:5291: $? = 1
configure: failed program was:
| /* confdefs.h.  */
| #define PACKAGE_NAME ""
| #define PACKAGE_TARNAME ""
| #define PACKAGE_VERSION ""
| #define PACKAGE_STRING ""
| #define PACKAGE_BUGREPORT ""
| #define PACKAGE "mockpp"
| #define VERSION "1.16.4"
| /* end confdefs.h.  */
| #include <ac_nonexistent.h>
configure:5324: result: gcc -E
configure:5353: gcc -E  conftest.c
configure:5359: $? = 0
configure:5390: gcc -E  conftest.c
conftest.c:10:28: error: ac_nonexistent.h: No such file or directory
configure:5396: $? = 1
configure: failed program was:
| /* confdefs.h.  */
| #define PACKAGE_NAME ""
| #define PACKAGE_TARNAME ""
| #define PACKAGE_VERSION ""
| #define PACKAGE_STRING ""
| #define PACKAGE_BUGREPORT ""
| #define PACKAGE "mockpp"
| #define VERSION "1.16.4"
| /* end confdefs.h.  */
| #include <ac_nonexistent.h>
configure:5434: checking for ANSI C header files
configure:5464: gcc -c -g -O2  conftest.c >&5
configure:5470: $? = 0
configure:5569: gcc -o conftest -g -O2   conftest.c  >&5
configure:5572: $? = 0
configure:5578: ./conftest
configure:5581: $? = 0
configure:5598: result: yes
configure:5622: checking for sys/types.h
configure:5643: gcc -c -g -O2  conftest.c >&5
configure:5649: $? = 0
configure:5665: result: yes
configure:5622: checking for sys/stat.h
configure:5643: gcc -c -g -O2  conftest.c >&5
configure:5649: $? = 0
configure:5665: result: yes
configure:5622: checking for stdlib.h
configure:5643: gcc -c -g -O2  conftest.c >&5
configure:5649: $? = 0
configure:5665: result: yes
configure:5622: checking for string.h
configure:5643: gcc -c -g -O2  conftest.c >&5
configure:5649: $? = 0
configure:5665: result: yes
configure:5622: checking for memory.h
configure:5643: gcc -c -g -O2  conftest.c >&5
configure:5649: $? = 0
configure:5665: result: yes
configure:5622: checking for strings.h
configure:5643: gcc -c -g -O2  conftest.c >&5
configure:5649: $? = 0
configure:5665: result: yes
configure:5622: checking for inttypes.h
configure:5643: gcc -c -g -O2  conftest.c >&5
configure:5649: $? = 0
configure:5665: result: yes
configure:5622: checking for stdint.h
configure:5643: gcc -c -g -O2  conftest.c >&5
configure:5649: $? = 0
configure:5665: result: yes
configure:5622: checking for unistd.h
configure:5643: gcc -c -g -O2  conftest.c >&5
configure:5649: $? = 0
configure:5665: result: yes
configure:5692: checking dlfcn.h usability
configure:5709: gcc -c -g -O2  conftest.c >&5
configure:5715: $? = 0
configure:5729: result: yes
configure:5733: checking dlfcn.h presence
configure:5748: gcc -E  conftest.c
configure:5754: $? = 0
configure:5768: result: yes
configure:5796: checking for dlfcn.h
configure:5804: result: yes
configure:5827: checking how to run the C++ preprocessor
configure:5863: g++ -E  conftest.cpp
configure:5869: $? = 0
configure:5900: g++ -E  conftest.cpp
conftest.cpp:21:28: error: ac_nonexistent.h: No such file or directory
configure:5906: $? = 1
configure: failed program was:
| /* confdefs.h.  */
| #define PACKAGE_NAME ""
| #define PACKAGE_TARNAME ""
| #define PACKAGE_VERSION ""
| #define PACKAGE_STRING ""
| #define PACKAGE_BUGREPORT ""
| #define PACKAGE "mockpp"
| #define VERSION "1.16.4"
| #define STDC_HEADERS 1
| #define HAVE_SYS_TYPES_H 1
| #define HAVE_SYS_STAT_H 1
| #define HAVE_STDLIB_H 1
| #define HAVE_STRING_H 1
| #define HAVE_MEMORY_H 1
| #define HAVE_STRINGS_H 1
| #define HAVE_INTTYPES_H 1
| #define HAVE_STDINT_H 1
| #define HAVE_UNISTD_H 1
| #define HAVE_DLFCN_H 1
| /* end confdefs.h.  */
| #include <ac_nonexistent.h>
configure:5939: result: g++ -E
configure:5968: g++ -E  conftest.cpp
configure:5974: $? = 0
configure:6005: g++ -E  conftest.cpp
conftest.cpp:21:28: error: ac_nonexistent.h: No such file or directory
configure:6011: $? = 1
configure: failed program was:
| /* confdefs.h.  */
| #define PACKAGE_NAME ""
| #define PACKAGE_TARNAME ""
| #define PACKAGE_VERSION ""
| #define PACKAGE_STRING ""
| #define PACKAGE_BUGREPORT ""
| #define PACKAGE "mockpp"
| #define VERSION "1.16.4"
| #define STDC_HEADERS 1
| #define HAVE_SYS_TYPES_H 1
| #define HAVE_SYS_STAT_H 1
| #define HAVE_STDLIB_H 1
| #define HAVE_STRING_H 1
| #define HAVE_MEMORY_H 1
| #define HAVE_STRINGS_H 1
| #define HAVE_INTTYPES_H 1
| #define HAVE_STDINT_H 1
| #define HAVE_UNISTD_H 1
| #define HAVE_DLFCN_H 1
| /* end confdefs.h.  */
| #include <ac_nonexistent.h>
configure:6104: checking for g77
configure:6134: result: no
configure:6104: checking for xlf
configure:6134: result: no
configure:6104: checking for f77
configure:6134: result: no
configure:6104: checking for frt
configure:6134: result: no
configure:6104: checking for pgf77
configure:6134: result: no
configure:6104: checking for cf77
configure:6134: result: no
configure:6104: checking for fort77
configure:6134: result: no
configure:6104: checking for fl32
configure:6134: result: no
configure:6104: checking for af77
configure:6134: result: no
configure:6104: checking for xlf90
configure:6134: result: no
configure:6104: checking for f90
configure:6134: result: no
configure:6104: checking for pgf90
configure:6134: result: no
configure:6104: checking for pghpf
configure:6134: result: no
configure:6104: checking for epcf90
configure:6134: result: no
configure:6104: checking for gfortran
configure:6134: result: no
configure:6104: checking for g95
configure:6134: result: no
configure:6104: checking for xlf95
configure:6134: result: no
configure:6104: checking for f95
configure:6134: result: no
configure:6104: checking for fort
configure:6134: result: no
configure:6104: checking for ifort
configure:6134: result: no
configure:6104: checking for ifc
configure:6134: result: no
configure:6104: checking for efc
configure:6134: result: no
configure:6104: checking for pgf95
configure:6134: result: no
configure:6104: checking for lf95
configure:6134: result: no
configure:6104: checking for ftn
configure:6134: result: no
configure:6161: checking for Fortran 77 compiler version
configure:6168:  --version >&5
./configure: line 6169: --version: command not found
configure:6171: $? = 127
configure:6178:  -v >&5
./configure: line 6179: -v: command not found
configure:6181: $? = 127
configure:6188:  -V >&5
./configure: line 6189: -V: command not found
configure:6191: $? = 127
configure:6199: checking whether we are using the GNU Fortran 77 compiler
configure:6218:  -c  conftest.F >&5
./configure: line 6219: -c: command not found
configure:6224: $? = 127
configure: failed program was:
|       program main
| #ifndef __GNUC__
|        choke me
| #endif
| 
|       end
configure:6241: result: no
configure:6247: checking whether  accepts -g
configure:6264:  -c -g conftest.f >&5
./configure: line 6265: -c: command not found
configure:6270: $? = 127
configure: failed program was:
|       program main
| 
|       end
configure:6286: result: no
configure:6316: checking the maximum length of command line arguments
configure:6428: result: 98304
configure:6440: checking command to parse /usr/bin/nm -B output from gcc object
configure:6545: g++ -c -g -O2  conftest.cpp >&5
configure:6548: $? = 0
configure:6552: /usr/bin/nm -B conftest.o \| sed -n -e 's/^.*[ 	]\([ABCDGIRSTW][ABCDGIRSTW]*\)[ 	][ 	]*\([_A-Za-z][_A-Za-z0-9]*\)$/\1 \2 \2/p' \> conftest.nm
configure:6555: $? = 0
configure:6607: g++ -o conftest -g -O2   conftest.cpp conftstm.o >&5
configure:6610: $? = 0
configure:6648: result: ok
configure:6652: checking for objdir
configure:6667: result: .libs
configure:6759: checking for ar
configure:6775: found /usr/bin/ar
configure:6786: result: ar
configure:6855: checking for ranlib
configure:6871: found /usr/bin/ranlib
configure:6882: result: ranlib
configure:6951: checking for strip
configure:6967: found /usr/bin/strip
configure:6978: result: strip
configure:7264: checking if gcc supports -fno-rtti -fno-exceptions
configure:7282: gcc -c -g -O2  -fno-rtti -fno-exceptions conftest.c >&5
cc1: warning: command line option "-fno-rtti" is valid for C++/ObjC++ but not for C
configure:7286: $? = 0
configure:7299: result: no
configure:7314: checking for gcc option to produce PIC
configure:7546: result: -fPIC
configure:7554: checking if gcc PIC flag -fPIC works
configure:7572: gcc -c -g -O2  -fPIC -DPIC conftest.c >&5
configure:7576: $? = 0
configure:7589: result: yes
configure:7617: checking if gcc static flag -static works
configure:7645: result: yes
configure:7655: checking if gcc supports -c -o file.o
configure:7676: gcc -c -g -O2  -o out/conftest2.o conftest.c >&5
configure:7680: $? = 0
configure:7702: result: yes
configure:7728: checking whether the gcc linker (/usr/bin/ld) supports shared libraries
configure:8709: result: yes
configure:8730: checking whether -lc should be explicitly linked in
configure:8735: gcc -c -g -O2  conftest.c >&5
configure:8738: $? = 0
configure:8753: gcc -shared conftest.o  -v -Wl,-soname -Wl,conftest -o conftest 2\>\&1 \| grep  -lc  \>/dev/null 2\>\&1
configure:8756: $? = 0
configure:8768: result: no
configure:8776: checking dynamic linker characteristics
configure:9390: result: GNU/Linux ld.so
configure:9399: checking how to hardcode library paths into programs
configure:9424: result: immediate
configure:9438: checking whether stripping libraries is possible
configure:9443: result: yes
configure:9567: checking for shl_load
configure:9623: gcc -o conftest -g -O2   conftest.c  >&5
/tmp/ccs6mZjc.o: In function `main':
/home/darwin/software/mockpp-revised/revised-mockpp/conftest.c:55: undefined reference to `shl_load'
collect2: ld returned 1 exit status
configure:9629: $? = 1
configure: failed program was:
| /* confdefs.h.  */
| #define PACKAGE_NAME ""
| #define PACKAGE_TARNAME ""
| #define PACKAGE_VERSION ""
| #define PACKAGE_STRING ""
| #define PACKAGE_BUGREPORT ""
| #define PACKAGE "mockpp"
| #define VERSION "1.16.4"
| #define STDC_HEADERS 1
| #define HAVE_SYS_TYPES_H 1
| #define HAVE_SYS_STAT_H 1
| #define HAVE_STDLIB_H 1
| #define HAVE_STRING_H 1
| #define HAVE_MEMORY_H 1
| #define HAVE_STRINGS_H 1
| #define HAVE_INTTYPES_H 1
| #define HAVE_STDINT_H 1
| #define HAVE_UNISTD_H 1
| #define HAVE_DLFCN_H 1
| /* end confdefs.h.  */
| /* Define shl_load to an innocuous variant, in case <limits.h> declares shl_load.
|    For example, HP-UX 11i <limits.h> declares gettimeofday.  */
| #define shl_load innocuous_shl_load
| 
| /* System header to define __stub macros and hopefully few prototypes,
|     which can conflict with char shl_load (); below.
|     Prefer <limits.h> to <assert.h> if __STDC__ is defined, since
|     <limits.h> exists even on freestanding compilers.  */
| 
| #ifdef __STDC__
| # include <limits.h>
| #else
| # include <assert.h>
| #endif
| 
| #undef shl_load
| 
| /* Override any GCC internal prototype to avoid an error.
|    Use char because int might match the return type of a GCC
|    builtin and then its argument prototype would still apply.  */
| #ifdef __cplusplus
| extern "C"
| #endif
| char shl_load ();
| /* The GNU C library defines this for functions which it implements
|     to always fail with ENOSYS.  Some functions are actually named
|     something starting with __ and the normal name is an alias.  */
| #if defined __stub_shl_load || defined __stub___shl_load
| choke me
| #endif
| 
| int
| main ()
| {
| return shl_load ();
|   ;
|   return 0;
| }
configure:9646: result: no
configure:9651: checking for shl_load in -ldld
configure:9686: gcc -o conftest -g -O2   conftest.c -ldld   >&5
/usr/bin/ld: cannot find -ldld
collect2: ld returned 1 exit status
configure:9692: $? = 1
configure: failed program was:
| /* confdefs.h.  */
| #define PACKAGE_NAME ""
| #define PACKAGE_TARNAME ""
| #define PACKAGE_VERSION ""
| #define PACKAGE_STRING ""
| #define PACKAGE_BUGREPORT ""
| #define PACKAGE "mockpp"
| #define VERSION "1.16.4"
| #define STDC_HEADERS 1
| #define HAVE_SYS_TYPES_H 1
| #define HAVE_SYS_STAT_H 1
| #define HAVE_STDLIB_H 1
| #define HAVE_STRING_H 1
| #define HAVE_MEMORY_H 1
| #define HAVE_STRINGS_H 1
| #define HAVE_INTTYPES_H 1
| #define HAVE_STDINT_H 1
| #define HAVE_UNISTD_H 1
| #define HAVE_DLFCN_H 1
| /* end confdefs.h.  */
| 
| /* Override any GCC internal prototype to avoid an error.
|    Use char because int might match the return type of a GCC
|    builtin and then its argument prototype would still apply.  */
| #ifdef __cplusplus
| extern "C"
| #endif
| char shl_load ();
| int
| main ()
| {
| return shl_load ();
|   ;
|   return 0;
| }
configure:9710: result: no
configure:9715: checking for dlopen
configure:9771: gcc -o conftest -g -O2   conftest.c  >&5
/tmp/ccAOUgzr.o: In function `main':
/home/darwin/software/mockpp-revised/revised-mockpp/conftest.c:55: undefined reference to `dlopen'
collect2: ld returned 1 exit status
configure:9777: $? = 1
configure: failed program was:
| /* confdefs.h.  */
| #define PACKAGE_NAME ""
| #define PACKAGE_TARNAME ""
| #define PACKAGE_VERSION ""
| #define PACKAGE_STRING ""
| #define PACKAGE_BUGREPORT ""
| #define PACKAGE "mockpp"
| #define VERSION "1.16.4"
| #define STDC_HEADERS 1
| #define HAVE_SYS_TYPES_H 1
| #define HAVE_SYS_STAT_H 1
| #define HAVE_STDLIB_H 1
| #define HAVE_STRING_H 1
| #define HAVE_MEMORY_H 1
| #define HAVE_STRINGS_H 1
| #define HAVE_INTTYPES_H 1
| #define HAVE_STDINT_H 1
| #define HAVE_UNISTD_H 1
| #define HAVE_DLFCN_H 1
| /* end confdefs.h.  */
| /* Define dlopen to an innocuous variant, in case <limits.h> declares dlopen.
|    For example, HP-UX 11i <limits.h> declares gettimeofday.  */
| #define dlopen innocuous_dlopen
| 
| /* System header to define __stub macros and hopefully few prototypes,
|     which can conflict with char dlopen (); below.
|     Prefer <limits.h> to <assert.h> if __STDC__ is defined, since
|     <limits.h> exists even on freestanding compilers.  */
| 
| #ifdef __STDC__
| # include <limits.h>
| #else
| # include <assert.h>
| #endif
| 
| #undef dlopen
| 
| /* Override any GCC internal prototype to avoid an error.
|    Use char because int might match the return type of a GCC
|    builtin and then its argument prototype would still apply.  */
| #ifdef __cplusplus
| extern "C"
| #endif
| char dlopen ();
| /* The GNU C library defines this for functions which it implements
|     to always fail with ENOSYS.  Some functions are actually named
|     something starting with __ and the normal name is an alias.  */
| #if defined __stub_dlopen || defined __stub___dlopen
| choke me
| #endif
| 
| int
| main ()
| {
| return dlopen ();
|   ;
|   return 0;
| }
configure:9794: result: no
configure:9799: checking for dlopen in -ldl
configure:9834: gcc -o conftest -g -O2   conftest.c -ldl   >&5
configure:9840: $? = 0
configure:9858: result: yes
configure:10027: checking whether a program can dlopen itself
configure:10101: gcc -o conftest -g -O2  -DHAVE_DLFCN_H  -Wl,--export-dynamic conftest.c -ldl  >&5
configure: In function 'main':
configure:10097: warning: incompatible implicit declaration of built-in function 'exit'
configure:10104: $? = 0
configure:10122: result: yes
configure:10127: checking whether a statically linked program can dlopen itself
configure:10201: gcc -o conftest -g -O2  -DHAVE_DLFCN_H  -Wl,--export-dynamic -static conftest.c -ldl  >&5
configure: In function 'main':
configure:10197: warning: incompatible implicit declaration of built-in function 'exit'
/tmp/ccmMpsDD.o: In function `main':
/home/darwin/software/mockpp-revised/revised-mockpp/configure:10185: warning: Using 'dlopen' in statically linked applications requires at runtime the shared libraries from the glibc version used for linking
configure:10204: $? = 0
/usr/local/apr/lib/: cannot read file data: Is a directory
configure:10222: result: no
configure:10245: checking if libtool supports shared libraries
configure:10247: result: yes
configure:10250: checking whether to build shared libraries
configure:10271: result: yes
configure:10274: checking whether to build static libraries
configure:10278: result: yes
configure:10371: creating libtool
configure:10959: checking for ld used by g++
configure:11026: result: /usr/bin/ld
configure:11035: checking if the linker (/usr/bin/ld) is GNU ld
configure:11050: result: yes
configure:11101: checking whether the g++ linker (/usr/bin/ld) supports shared libraries
configure:12075: result: yes
configure:12093: g++ -c -g -O2  conftest.cpp >&5
configure:12096: $? = 0
configure:12248: checking for g++ option to produce PIC
configure:12532: result: -fPIC
configure:12540: checking if g++ PIC flag -fPIC works
configure:12558: g++ -c -g -O2  -fPIC -DPIC conftest.cpp >&5
configure:12562: $? = 0
configure:12575: result: yes
configure:12603: checking if g++ static flag -static works
configure:12631: result: yes
configure:12641: checking if g++ supports -c -o file.o
configure:12662: g++ -c -g -O2  -o out/conftest2.o conftest.cpp >&5
configure:12666: $? = 0
configure:12688: result: yes
configure:12714: checking whether the g++ linker (/usr/bin/ld) supports shared libraries
configure:12742: result: yes
configure:12809: checking dynamic linker characteristics
configure:13371: result: GNU/Linux ld.so
configure:13380: checking how to hardcode library paths into programs
configure:13405: result: immediate
configure:19691: checking whether the compiler supports Run-Time Type Identification
configure:19738: g++ -c -g -O2  conftest.cpp >&5
configure:19744: $? = 0
configure:19766: result: yes
configure:19776: checking whether byte ordering is bigendian
configure:19808: g++ -c -g -O2  conftest.cpp >&5
configure:19814: $? = 0
configure:19845: g++ -c -g -O2  conftest.cpp >&5
conftest.cpp: In function 'int main()':
conftest.cpp:29: error: 'big' was not declared in this scope
conftest.cpp:29: error: expected `;' before 'endian'
configure:19851: $? = 1
configure: failed program was:
| /* confdefs.h.  */
| #define PACKAGE_NAME ""
| #define PACKAGE_TARNAME ""
| #define PACKAGE_VERSION ""
| #define PACKAGE_STRING ""
| #define PACKAGE_BUGREPORT ""
| #define PACKAGE "mockpp"
| #define VERSION "1.16.4"
| #define STDC_HEADERS 1
| #define HAVE_SYS_TYPES_H 1
| #define HAVE_SYS_STAT_H 1
| #define HAVE_STDLIB_H 1
| #define HAVE_STRING_H 1
| #define HAVE_MEMORY_H 1
| #define HAVE_STRINGS_H 1
| #define HAVE_INTTYPES_H 1
| #define HAVE_STDINT_H 1
| #define HAVE_UNISTD_H 1
| #define HAVE_DLFCN_H 1
| #define HAVE_RTTI 1
| /* end confdefs.h.  */
| #include <sys/types.h>
| #include <sys/param.h>
| int
| main ()
| {
| 
| #if BYTE_ORDER != BIG_ENDIAN
|  not big endian
| #endif
|   ;
|   return 0;
| }
configure:19929: result: no
configure: 20193: /usr/bin/xsltproc xmlto
taking that
configure: 20227: /usr/bin/catalog
configure: 20227: /usr/local/bin/catalog
configure:20255: checking for dlsym in -ldl
configure:20290: g++ -o conftest -g -O2   conftest.cpp -ldl   >&5
configure:20296: $? = 0
configure:20314: result: yes
configure:20354: checking for doxygen
configure:20372: found /usr/bin/doxygen
configure:20384: result: /usr/bin/doxygen
configure:20403: checking for dot
configure:20421: found /usr/local/bin/dot
configure:20433: result: /usr/local/bin/dot
configure:20483: checking for msgfmt
configure:20501: found /usr/local/bin/msgfmt
configure:20513: result: /usr/local/bin/msgfmt
configure:20531: checking for std::wstring
configure:20550: g++ -g -O2    conftest.cpp
configure:20553: $? = 0
configure:20555: result: yes
configure:20576: checking for wcscmp in -lc
configure:20611: g++ -o conftest -g -O2   conftest.cpp -lc   >&5
configure:20617: $? = 0
configure:20635: result: yes
configure:20651: checking for std::wcscmp
configure:20670: g++ -g -O2    conftest.cpp
configure:20673: $? = 0
configure:20675: result: yes
configure:20697: checking for std::numeric_limits
configure:20716: g++ -g -O2    conftest.cpp
configure:20719: $? = 0
configure:20721: result: yes
configure:20743: checking for std namespace
configure:20763: g++ -g -O2    conftest.cpp
configure:20766: $? = 0
configure:20768: result: yes
configure: 20997: /usr/include/boost/any.hpp
configure: 20997: /usr/local/include/boost/any.hpp
configure: 20997: /usr/include/boost-*/boost/any.hpp
configure: 20997: /usr/local/include/boost-1_34_1/boost/any.hpp
taking that
configure: 21037: /usr/lib/libboost_unit_test_framework*.so
configure: 21037: /usr/lib64/libboost_unit_test_framework*.so
configure: 21037: /usr/local/lib/libboost_unit_test_framework*.so
taking that
configure:21130: checking for bzip2
configure:21148: found /bin/bzip2
configure:21160: result: /bin/bzip2
configure: 21192: /usr/share/java/jdk1.5.0_12/bin/pngcrush
configure: 21192: /usr/share/java/apache-ant-1.7.0/bin/pngcrush
configure: 21192: /usr/local/apr/bin/pngcrush
configure: 21192: ./pngcrush
configure: 21192: /usr/local/sbin/pngcrush
configure: 21192: /usr/local/bin/pngcrush
configure: 21192: /usr/sbin/pngcrush
configure: 21192: /usr/bin/pngcrush
configure: 21192: /sbin/pngcrush
configure: 21192: /bin/pngcrush
configure: 21192: /usr/games/pngcrush
configure: 21228: /home/darwin/Documents/src/ups/trunk/bin/fop-0.93/fop
configure: 21228: /usr/share/java/jdk1.5.0_12/bin/fop
configure: 21228: /usr/share/java/apache-ant-1.7.0/bin/fop
configure: 21228: /usr/local/apr/bin/fop
configure: 21228: ./fop
configure: 21228: /usr/local/sbin/fop
configure: 21228: /usr/local/bin/fop
configure: 21228: /usr/sbin/fop
configure: 21228: /usr/bin/fop
configure: 21228: /sbin/fop
configure: 21228: /bin/fop
configure: 21228: /usr/games/fop
configure:21271: checking for memmove
configure:21327: g++ -o conftest -g -O2   conftest.cpp  >&5
configure:21333: $? = 0
configure:21351: result: yes
configure:21271: checking for bcopy
configure:21327: g++ -o conftest -g -O2   conftest.cpp  >&5
configure:21333: $? = 0
configure:21351: result: yes
configure:21271: checking for mmap
configure:21327: g++ -o conftest -g -O2   conftest.cpp  >&5
configure:21333: $? = 0
configure:21351: result: yes
configure:21271: checking for getpagesize
configure:21327: g++ -o conftest -g -O2   conftest.cpp  >&5
configure:21333: $? = 0
configure:21351: result: yes
configure:21390: checking limits usability
configure:21407: g++ -c -g -O2  conftest.cpp >&5
configure:21413: $? = 0
configure:21427: result: yes
configure:21431: checking limits presence
configure:21446: g++ -E  conftest.cpp
configure:21452: $? = 0
configure:21466: result: yes
configure:21494: checking for limits
configure:21502: result: yes
configure:21380: checking for unistd.h
configure:21386: result: yes
configure:21380: checking for sys/types.h
configure:21386: result: yes
configure:21380: checking for sys/stat.h
configure:21386: result: yes
configure:21390: checking check.h usability
configure:21407: g++ -c -g -O2  conftest.cpp >&5
conftest.cpp:72:19: error: check.h: No such file or directory
configure:21413: $? = 1
configure: failed program was:
| /* confdefs.h.  */
| #define PACKAGE_NAME ""
| #define PACKAGE_TARNAME ""
| #define PACKAGE_VERSION ""
| #define PACKAGE_STRING ""
| #define PACKAGE_BUGREPORT ""
| #define PACKAGE "mockpp"
| #define VERSION "1.16.4"
| #define STDC_HEADERS 1
| #define HAVE_SYS_TYPES_H 1
| #define HAVE_SYS_STAT_H 1
| #define HAVE_STDLIB_H 1
| #define HAVE_STRING_H 1
| #define HAVE_MEMORY_H 1
| #define HAVE_STRINGS_H 1
| #define HAVE_INTTYPES_H 1
| #define HAVE_STDINT_H 1
| #define HAVE_UNISTD_H 1
| #define HAVE_DLFCN_H 1
| #define HAVE_RTTI 1
| #define BYTEORDER 1234
| #define MOCKPP_USE_BUILTIN_CXXTEST 1
| #define MOCKPP_USE_CXXTEST 1
| #define HAVE_LIBDL 1
| #define HAVE_WSTRING 1
| #define HAVE_WCSCMP 1
| #define HAVE_STD_WCSCMP 1
| #define HAVE_BOOSTTEST 1
| #define MOCKPP_VERSION_NUMBER 0x00011004
| #define HAVE_MEMMOVE 1
| #define HAVE_BCOPY 1
| #define HAVE_MMAP 1
| #define HAVE_GETPAGESIZE 1
| #define HAVE_LIMITS 1
| #define HAVE_UNISTD_H 1
| #define HAVE_SYS_TYPES_H 1
| #define HAVE_SYS_STAT_H 1
| /* end confdefs.h.  */
| #include <stdio.h>
| #ifdef HAVE_SYS_TYPES_H
| # include <sys/types.h>
| #endif
| #ifdef HAVE_SYS_STAT_H
| # include <sys/stat.h>
| #endif
| #ifdef STDC_HEADERS
| # include <stdlib.h>
| # include <stddef.h>
| #else
| # ifdef HAVE_STDLIB_H
| #  include <stdlib.h>
| # endif
| #endif
| #ifdef HAVE_STRING_H
| # if !defined STDC_HEADERS && defined HAVE_MEMORY_H
| #  include <memory.h>
| # endif
| # include <string.h>
| #endif
| #ifdef HAVE_STRINGS_H
| # include <strings.h>
| #endif
| #ifdef HAVE_INTTYPES_H
| # include <inttypes.h>
| #endif
| #ifdef HAVE_STDINT_H
| # include <stdint.h>
| #endif
| #ifdef HAVE_UNISTD_H
| # include <unistd.h>
| #endif
| #include <check.h>
configure:21427: result: no
configure:21431: checking check.h presence
configure:21446: g++ -E  conftest.cpp
conftest.cpp:39:19: error: check.h: No such file or directory
configure:21452: $? = 1
configure: failed program was:
| /* confdefs.h.  */
| #define PACKAGE_NAME ""
| #define PACKAGE_TARNAME ""
| #define PACKAGE_VERSION ""
| #define PACKAGE_STRING ""
| #define PACKAGE_BUGREPORT ""
| #define PACKAGE "mockpp"
| #define VERSION "1.16.4"
| #define STDC_HEADERS 1
| #define HAVE_SYS_TYPES_H 1
| #define HAVE_SYS_STAT_H 1
| #define HAVE_STDLIB_H 1
| #define HAVE_STRING_H 1
| #define HAVE_MEMORY_H 1
| #define HAVE_STRINGS_H 1
| #define HAVE_INTTYPES_H 1
| #define HAVE_STDINT_H 1
| #define HAVE_UNISTD_H 1
| #define HAVE_DLFCN_H 1
| #define HAVE_RTTI 1
| #define BYTEORDER 1234
| #define MOCKPP_USE_BUILTIN_CXXTEST 1
| #define MOCKPP_USE_CXXTEST 1
| #define HAVE_LIBDL 1
| #define HAVE_WSTRING 1
| #define HAVE_WCSCMP 1
| #define HAVE_STD_WCSCMP 1
| #define HAVE_BOOSTTEST 1
| #define MOCKPP_VERSION_NUMBER 0x00011004
| #define HAVE_MEMMOVE 1
| #define HAVE_BCOPY 1
| #define HAVE_MMAP 1
| #define HAVE_GETPAGESIZE 1
| #define HAVE_LIMITS 1
| #define HAVE_UNISTD_H 1
| #define HAVE_SYS_TYPES_H 1
| #define HAVE_SYS_STAT_H 1
| /* end confdefs.h.  */
| #include <check.h>
configure:21466: result: no
configure:21494: checking for check.h
configure:21502: result: no
configure:21380: checking for dlfcn.h
configure:21386: result: yes
configure:21390: checking fcntl.h usability
configure:21407: g++ -c -g -O2  conftest.cpp >&5
configure:21413: $? = 0
configure:21427: result: yes
configure:21431: checking fcntl.h presence
configure:21446: g++ -E  conftest.cpp
configure:21452: $? = 0
configure:21466: result: yes
configure:21494: checking for fcntl.h
configure:21502: result: yes
configure:21380: checking for inttypes.h
configure:21386: result: yes
configure:21380: checking for memory.h
configure:21386: result: yes
configure:21380: checking for stdint.h
configure:21386: result: yes
configure:21380: checking for stdlib.h
configure:21386: result: yes
configure:21380: checking for strings.h
configure:21386: result: yes
configure:21380: checking for string.h
configure:21386: result: yes
configure:21530: checking machine/limits.h usability
configure:21547: g++ -c -g -O2  conftest.cpp >&5
conftest.cpp:80:28: error: machine/limits.h: No such file or directory
configure:21553: $? = 1
configure: failed program was:
| /* confdefs.h.  */
| #define PACKAGE_NAME ""
| #define PACKAGE_TARNAME ""
| #define PACKAGE_VERSION ""
| #define PACKAGE_STRING ""
| #define PACKAGE_BUGREPORT ""
| #define PACKAGE "mockpp"
| #define VERSION "1.16.4"
| #define STDC_HEADERS 1
| #define HAVE_SYS_TYPES_H 1
| #define HAVE_SYS_STAT_H 1
| #define HAVE_STDLIB_H 1
| #define HAVE_STRING_H 1
| #define HAVE_MEMORY_H 1
| #define HAVE_STRINGS_H 1
| #define HAVE_INTTYPES_H 1
| #define HAVE_STDINT_H 1
| #define HAVE_UNISTD_H 1
| #define HAVE_DLFCN_H 1
| #define HAVE_RTTI 1
| #define BYTEORDER 1234
| #define MOCKPP_USE_BUILTIN_CXXTEST 1
| #define MOCKPP_USE_CXXTEST 1
| #define HAVE_LIBDL 1
| #define HAVE_WSTRING 1
| #define HAVE_WCSCMP 1
| #define HAVE_STD_WCSCMP 1
| #define HAVE_BOOSTTEST 1
| #define MOCKPP_VERSION_NUMBER 0x00011004
| #define HAVE_MEMMOVE 1
| #define HAVE_BCOPY 1
| #define HAVE_MMAP 1
| #define HAVE_GETPAGESIZE 1
| #define HAVE_LIMITS 1
| #define HAVE_UNISTD_H 1
| #define HAVE_SYS_TYPES_H 1
| #define HAVE_SYS_STAT_H 1
| #define HAVE_DLFCN_H 1
| #define HAVE_FCNTL_H 1
| #define HAVE_INTTYPES_H 1
| #define HAVE_MEMORY_H 1
| #define HAVE_STDINT_H 1
| #define HAVE_STDLIB_H 1
| #define HAVE_STRINGS_H 1
| #define HAVE_STRING_H 1
| /* end confdefs.h.  */
| #include <stdio.h>
| #ifdef HAVE_SYS_TYPES_H
| # include <sys/types.h>
| #endif
| #ifdef HAVE_SYS_STAT_H
| # include <sys/stat.h>
| #endif
| #ifdef STDC_HEADERS
| # include <stdlib.h>
| # include <stddef.h>
| #else
| # ifdef HAVE_STDLIB_H
| #  include <stdlib.h>
| # endif
| #endif
| #ifdef HAVE_STRING_H
| # if !defined STDC_HEADERS && defined HAVE_MEMORY_H
| #  include <memory.h>
| # endif
| # include <string.h>
| #endif
| #ifdef HAVE_STRINGS_H
| # include <strings.h>
| #endif
| #ifdef HAVE_INTTYPES_H
| # include <inttypes.h>
| #endif
| #ifdef HAVE_STDINT_H
| # include <stdint.h>
| #endif
| #ifdef HAVE_UNISTD_H
| # include <unistd.h>
| #endif
| #include <machine/limits.h>
configure:21567: result: no
configure:21571: checking machine/limits.h presence
configure:21586: g++ -E  conftest.cpp
conftest.cpp:47:28: error: machine/limits.h: No such file or directory
configure:21592: $? = 1
configure: failed program was:
| /* confdefs.h.  */
| #define PACKAGE_NAME ""
| #define PACKAGE_TARNAME ""
| #define PACKAGE_VERSION ""
| #define PACKAGE_STRING ""
| #define PACKAGE_BUGREPORT ""
| #define PACKAGE "mockpp"
| #define VERSION "1.16.4"
| #define STDC_HEADERS 1
| #define HAVE_SYS_TYPES_H 1
| #define HAVE_SYS_STAT_H 1
| #define HAVE_STDLIB_H 1
| #define HAVE_STRING_H 1
| #define HAVE_MEMORY_H 1
| #define HAVE_STRINGS_H 1
| #define HAVE_INTTYPES_H 1
| #define HAVE_STDINT_H 1
| #define HAVE_UNISTD_H 1
| #define HAVE_DLFCN_H 1
| #define HAVE_RTTI 1
| #define BYTEORDER 1234
| #define MOCKPP_USE_BUILTIN_CXXTEST 1
| #define MOCKPP_USE_CXXTEST 1
| #define HAVE_LIBDL 1
| #define HAVE_WSTRING 1
| #define HAVE_WCSCMP 1
| #define HAVE_STD_WCSCMP 1
| #define HAVE_BOOSTTEST 1
| #define MOCKPP_VERSION_NUMBER 0x00011004
| #define HAVE_MEMMOVE 1
| #define HAVE_BCOPY 1
| #define HAVE_MMAP 1
| #define HAVE_GETPAGESIZE 1
| #define HAVE_LIMITS 1
| #define HAVE_UNISTD_H 1
| #define HAVE_SYS_TYPES_H 1
| #define HAVE_SYS_STAT_H 1
| #define HAVE_DLFCN_H 1
| #define HAVE_FCNTL_H 1
| #define HAVE_INTTYPES_H 1
| #define HAVE_MEMORY_H 1
| #define HAVE_STDINT_H 1
| #define HAVE_STDLIB_H 1
| #define HAVE_STRINGS_H 1
| #define HAVE_STRING_H 1
| /* end confdefs.h.  */
| #include <machine/limits.h>
configure:21606: result: no
configure:21634: checking for machine/limits.h
configure:21642: result: no
configure:21670: checking values.h usability
configure:21687: g++ -c -g -O2  conftest.cpp >&5
configure:21693: $? = 0
configure:21707: result: yes
configure:21711: checking values.h presence
configure:21726: g++ -E  conftest.cpp
configure:21732: $? = 0
configure:21746: result: yes
configure:21774: checking for values.h
configure:21782: result: yes
configure:21810: checking cwchar usability
configure:21827: g++ -c -g -O2  conftest.cpp >&5
configure:21833: $? = 0
configure:21847: result: yes
configure:21851: checking cwchar presence
configure:21866: g++ -E  conftest.cpp
configure:21872: $? = 0
configure:21886: result: yes
configure:21914: checking for cwchar
configure:21922: result: yes
configure:22147: creating ./config.status

## ---------------------- ##
## Running config.status. ##
## ---------------------- ##

This file was extended by config.status, which was
generated by GNU Autoconf 2.61.  Invocation command line was

  CONFIG_FILES    = 
  CONFIG_HEADERS  = 
  CONFIG_LINKS    = 
  CONFIG_COMMANDS = 
  $ ./config.status 

on darwin-laptop

config.status:773: creating mockpp.spec
config.status:773: creating mockpp.doxygen
config.status:773: creating mockpp.pc
config.status:773: creating Makefile
config.status:773: creating generator/Makefile
config.status:773: creating generator/mockpp2xml/Makefile
config.status:773: creating generator/xml2mockpp/Makefile
config.status:773: creating generator/xml2mockpp/expat/Makefile
config.status:773: creating generator/xml2mockpp/new-visit-meth/Makefile
config.status:773: creating generator/xml2mockpp/new-chain-meth/Makefile
config.status:773: creating generator/xml2mockpp/orig-visit-meth/Makefile
config.status:773: creating generator/xml2mockpp/orig-chain-meth/Makefile
config.status:773: creating bcb5/Makefile
config.status:773: creating bcb10/Makefile
config.status:773: creating 3party/Makefile
config.status:773: creating 3party/ministl/Makefile
config.status:773: creating 3party/ministl/tests/Makefile
config.status:773: creating 3party/cxxtest/Makefile
config.status:773: creating 3party/cxxtest/docs/Makefile
config.status:773: creating 3party/cxxtest/cxxtest/Makefile
config.status:773: creating config/Makefile
config.status:773: creating tool/Makefile
config.status:773: creating msvc71/Makefile
config.status:773: creating msvc71/lib/Makefile
config.status:773: creating msvc71/mockpp/Makefile
config.status:773: creating msvc71/mockpp/examples/Makefile
config.status:773: creating msvc71/mockpp/examples/tutorial/Makefile
config.status:773: creating msvc71/mockpp/tests/Makefile
config.status:773: creating msvc8/Makefile
config.status:773: creating msvc8/lib/Makefile
config.status:773: creating msvc8/mockpp/Makefile
config.status:773: creating msvc8/generator/Makefile
config.status:773: creating msvc8/mockpp/examples/Makefile
config.status:773: creating msvc8/mockpp/examples/tutorial/Makefile
config.status:773: creating msvc8/mockpp/tests/Makefile
config.status:773: creating mockpp/docs/Makefile
config.status:773: creating mockpp/docs/api/Makefile
config.status:773: creating mockpp/docs/en/Makefile
config.status:773: creating mockpp/docs/en/common/Makefile
config.status:773: creating mockpp/docs/en/images/Makefile
config.status:773: creating mockpp/docs/en/images/callouts/Makefile
config.status:773: creating mockpp/po/Makefile
config.status:773: creating mockpp/config/Makefile
config.status:773: creating mockpp/tests/Makefile
config.status:773: creating mockpp/examples/Makefile
config.status:773: creating mockpp/examples/tutorial/Makefile
config.status:773: creating mockpp/Makefile
config.status:773: creating mockpp/util/Makefile
config.status:773: creating mockpp/compat/Makefile
config.status:773: creating mockpp/visiting/Makefile
config.status:773: creating mockpp/framework/Makefile
config.status:773: creating mockpp/production/Makefile
config.status:773: creating mockpp/chaining/Makefile
config.status:773: creating mockpp/builder/Makefile
config.status:773: creating mockpp/constraint/Makefile
config.status:773: creating mockpp/stub/Makefile
config.status:773: creating mockpp/matcher/Makefile
config.status:773: creating config.h
config.status:1028: config.h is unchanged
config.status:1074: executing depfiles commands

## ---------------- ##
## Cache variables. ##
## ---------------- ##

ac_cv_build=i686-pc-linux-gnu
ac_cv_c_bigendian=no
ac_cv_c_compiler_gnu=yes
ac_cv_cxx_compiler_gnu=yes
ac_cv_cxx_rtti=yes
ac_cv_env_CCC_set=
ac_cv_env_CCC_value=
ac_cv_env_CC_set=
ac_cv_env_CC_value=
ac_cv_env_CFLAGS_set=
ac_cv_env_CFLAGS_value=
ac_cv_env_CPPFLAGS_set=
ac_cv_env_CPPFLAGS_value=
ac_cv_env_CPP_set=
ac_cv_env_CPP_value=
ac_cv_env_CXXCPP_set=
ac_cv_env_CXXCPP_value=
ac_cv_env_CXXFLAGS_set=
ac_cv_env_CXXFLAGS_value=
ac_cv_env_CXX_set=
ac_cv_env_CXX_value=
ac_cv_env_F77_set=
ac_cv_env_F77_value=
ac_cv_env_FFLAGS_set=
ac_cv_env_FFLAGS_value=
ac_cv_env_LDFLAGS_set=
ac_cv_env_LDFLAGS_value=
ac_cv_env_LIBS_set=
ac_cv_env_LIBS_value=
ac_cv_env_build_alias_set=
ac_cv_env_build_alias_value=
ac_cv_env_host_alias_set=
ac_cv_env_host_alias_value=
ac_cv_env_target_alias_set=
ac_cv_env_target_alias_value=
ac_cv_f77_compiler_gnu=no
ac_cv_func_bcopy=yes
ac_cv_func_dlopen=no
ac_cv_func_getpagesize=yes
ac_cv_func_memmove=yes
ac_cv_func_mmap=yes
ac_cv_func_shl_load=no
ac_cv_have_libdl=yes
ac_cv_have_wcscmp=yes
ac_cv_header_check_h=no
ac_cv_header_cwchar=yes
ac_cv_header_dlfcn_h=yes
ac_cv_header_fcntl_h=yes
ac_cv_header_inttypes_h=yes
ac_cv_header_limits=yes
ac_cv_header_machine_limits_h=no
ac_cv_header_memory_h=yes
ac_cv_header_stdc=yes
ac_cv_header_stdint_h=yes
ac_cv_header_stdlib_h=yes
ac_cv_header_string_h=yes
ac_cv_header_strings_h=yes
ac_cv_header_sys_stat_h=yes
ac_cv_header_sys_types_h=yes
ac_cv_header_unistd_h=yes
ac_cv_header_values_h=yes
ac_cv_host=i686-pc-linux-gnu
ac_cv_lib_c_wcscmp=yes
ac_cv_lib_dl_dlopen=yes
ac_cv_lib_dl_dlsym=yes
ac_cv_lib_dld_shl_load=no
ac_cv_objext=o
ac_cv_path_BZIP2=/bin/bzip2
ac_cv_path_DOT=/usr/local/bin/dot
ac_cv_path_DOXYGEN=/usr/bin/doxygen
ac_cv_path_EGREP='/bin/grep -E'
ac_cv_path_GREP=/bin/grep
ac_cv_path_MSGFMT=/usr/local/bin/msgfmt
ac_cv_path_install='/usr/bin/install -c'
ac_cv_path_mkdir=/bin/mkdir
ac_cv_prog_AWK=gawk
ac_cv_prog_CPP='gcc -E'
ac_cv_prog_CXXCPP='g++ -E'
ac_cv_prog_ac_ct_AR=ar
ac_cv_prog_ac_ct_CC=gcc
ac_cv_prog_ac_ct_CXX=g++
ac_cv_prog_ac_ct_RANLIB=ranlib
ac_cv_prog_ac_ct_STRIP=strip
ac_cv_prog_cc_c89=
ac_cv_prog_cc_g=yes
ac_cv_prog_cxx_g=yes
ac_cv_prog_f77_g=no
ac_cv_prog_make_make_set=yes
am_cv_CC_dependencies_compiler_type=gcc3
am_cv_CXX_dependencies_compiler_type=gcc3
lt_cv_deplibs_check_method=pass_all
lt_cv_dlopen=dlopen
lt_cv_dlopen_libs=-ldl
lt_cv_dlopen_self=yes
lt_cv_dlopen_self_static=no
lt_cv_file_magic_cmd='$MAGIC_CMD'
lt_cv_file_magic_test_file=
lt_cv_ld_reload_flag=-r
lt_cv_objdir=.libs
lt_cv_path_LD=/usr/bin/ld
lt_cv_path_LDCXX=/usr/bin/ld
lt_cv_path_NM='/usr/bin/nm -B'
lt_cv_path_SED=/bin/sed
lt_cv_prog_compiler_c_o=yes
lt_cv_prog_compiler_c_o_CXX=yes
lt_cv_prog_compiler_rtti_exceptions=no
lt_cv_prog_gnu_ld=yes
lt_cv_prog_gnu_ldcxx=yes
lt_cv_sys_global_symbol_pipe='sed -n -e '\''s/^.*[ 	]\([ABCDGIRSTW][ABCDGIRSTW]*\)[ 	][ 	]*\([_A-Za-z][_A-Za-z0-9]*\)$/\1 \2 \2/p'\'''
lt_cv_sys_global_symbol_to_c_name_address='sed -n -e '\''s/^: \([^ ]*\) $/  {\"\1\", (lt_ptr) 0},/p'\'' -e '\''s/^[BCDEGRST] \([^ ]*\) \([^ ]*\)$/  {"\2", (lt_ptr) \&\2},/p'\'''
lt_cv_sys_global_symbol_to_cdecl='sed -n -e '\''s/^. .* \(.*\)$/extern int \1;/p'\'''
lt_cv_sys_max_cmd_len=98304
lt_lt_cv_prog_compiler_c_o='"yes"'
lt_lt_cv_prog_compiler_c_o_CXX='"yes"'
lt_lt_cv_sys_global_symbol_pipe='"sed -n -e '\''s/^.*[ 	]\\([ABCDGIRSTW][ABCDGIRSTW]*\\)[ 	][ 	]*\\([_A-Za-z][_A-Za-z0-9]*\\)\$/\\1 \\2 \\2/p'\''"'
lt_lt_cv_sys_global_symbol_to_c_name_address='"sed -n -e '\''s/^: \\([^ ]*\\) \$/  {\\\"\\1\\\", (lt_ptr) 0},/p'\'' -e '\''s/^[BCDEGRST] \\([^ ]*\\) \\([^ ]*\\)\$/  {\"\\2\", (lt_ptr) \\&\\2},/p'\''"'
lt_lt_cv_sys_global_symbol_to_cdecl='"sed -n -e '\''s/^. .* \\(.*\\)\$/extern int \\1;/p'\''"'

## ----------------- ##
## Output variables. ##
## ----------------- ##

ACLOCAL='${SHELL} /home/darwin/software/mockpp-revised/revised-mockpp/config/missing --run aclocal-1.10'
AMDEPBACKSLASH='\'
AMDEP_FALSE='#'
AMDEP_TRUE=''
AMTAR='${SHELL} /home/darwin/software/mockpp-revised/revised-mockpp/config/missing --run tar'
AR='ar'
AUTOCONF='${SHELL} /home/darwin/software/mockpp-revised/revised-mockpp/config/missing --run autoconf'
AUTOHEADER='${SHELL} /home/darwin/software/mockpp-revised/revised-mockpp/config/missing --run autoheader'
AUTOMAKE='${SHELL} /home/darwin/software/mockpp-revised/revised-mockpp/config/missing --run automake-1.10'
AWK='gawk'
BOOSTTEST_FALSE=''
BOOSTTEST_TRUE='#'
BUILTIN_CXXTEST_FALSE='#'
BUILTIN_CXXTEST_TRUE=''
BUILTIN_MINISTL_FALSE=''
BUILTIN_MINISTL_TRUE='#'
BZIP2='/bin/bzip2'
CC='gcc'
CCDEPMODE='depmode=gcc3'
CFLAGS='-g -O2'
CPP='gcc -E'
CPPFLAGS=''
CPPUNIT_CFLAGS=''
CPPUNIT_CONFIG=''
CPPUNIT_LIBS=''
CXX='g++'
CXXCPP='g++ -E'
CXXDEPMODE='depmode=gcc3'
CXXFLAGS='-g -O2'
CYGPATH_W='echo'
DEFS='-DHAVE_CONFIG_H'
DEPDIR='.deps'
DISABLE_NAMESPACE_FALSE='#'
DISABLE_NAMESPACE_TRUE=''
DOCBOOK_DOC_FALSE=''
DOCBOOK_DOC_TRUE='#'
DOT='/usr/local/bin/dot'
DOT_PATH='/usr/local/bin'
DOXYGEN='/usr/bin/doxygen'
DOXYGEN_DOC_FALSE=''
DOXYGEN_DOC_TRUE='#'
EA_EXTRA_INC=' -I$(top_srcdir)/3party/cxxtest'
EA_EXTRA_LIB=''
EA_PDF_CATALOG=''
ECHO='echo'
ECHO_C=''
ECHO_N='-n'
ECHO_T=''
EGREP='/bin/grep -E'
EXEEXT=''
F77=''
FFLAGS=''
FOP='fop'
GREP='/bin/grep'
HAVE_DOT='yes'
HAVE_STD_WCSCMP=''
HAVE_WSTRING=''
INSTALL_DATA='${INSTALL} -m 644'
INSTALL_PROGRAM='${INSTALL}'
INSTALL_SCRIPT='${INSTALL}'
INSTALL_STRIP_PROGRAM='$(install_sh) -c -s'
LDFLAGS=''
LIBBOOST=''
LIBDL='-ldl'
LIBOBJS=''
LIBS=''
LIBTOOL='$(SHELL) $(top_builddir)/libtool'
LIBTOOL_DEPS='config/ltmain.sh'
LN_S='ln -s'
LTLIBOBJS=''
LT_AGE='7'
LT_CURRENT='43'
LT_RELEASE='1.16'
LT_REVISION='0'
MAKEINFO='${SHELL} /home/darwin/software/mockpp-revised/revised-mockpp/config/missing --run makeinfo'
MOCKPP_BINARY_AGE='7'
MOCKPP_INTERFACE_AGE='0'
MOCKPP_MAJOR_VERSION='1'
MOCKPP_MICRO_VERSION='43'
MOCKPP_MINOR_VERSION='16'
MOCKPP_NO_STD_NS=''
MOCKPP_NO_STD_NUMERICLIMITS=''
MOCKPP_VERSION='1.16.4'
MOCKPP_VERSION_NUMBER='0x00011004'
MSGFMT='/usr/local/bin/msgfmt'
OBJEXT='o'
PACKAGE='mockpp'
PACKAGE_BUGREPORT=''
PACKAGE_NAME=''
PACKAGE_STRING=''
PACKAGE_TARNAME=''
PACKAGE_VERSION=''
PATH_SEPARATOR=':'
PNGCRUSH='pngcrush'
RANLIB='ranlib'
SED='/bin/sed'
SET_MAKE=''
SHELL='/bin/bash'
STRIP='strip'
VERSION='1.16.4'
WORKING_QT_FALSE=''
WORKING_QT_TRUE='#'
WORKING_WIN32_FALSE=''
WORKING_WIN32_TRUE='#'
WORKING_X11_FALSE=''
WORKING_X11_TRUE='#'
XSLTPROC='/usr/bin/xsltproc'
ZIPPER='bzip2'
ZIPPER_EXT='bz2'
ac_ct_CC='gcc'
ac_ct_CXX='g++'
ac_ct_F77=''
all_includes=''
all_libraries=''
am__fastdepCC_FALSE='#'
am__fastdepCC_TRUE=''
am__fastdepCXX_FALSE='#'
am__fastdepCXX_TRUE=''
am__include='include'
am__isrc=''
am__leading_dot='.'
am__quote=''
am__tar='${AMTAR} chof - "$$tardir"'
am__untar='${AMTAR} xf -'
bindir='${exec_prefix}/bin'
build='i686-pc-linux-gnu'
build_alias=''
build_cpu='i686'
build_os='linux-gnu'
build_vendor='pc'
datadir='${datarootdir}'
datarootdir='${prefix}/share'
docdir='${datarootdir}/doc/${PACKAGE}'
dvidir='${docdir}'
exec_prefix='${prefix}'
host='i686-pc-linux-gnu'
host_alias=''
host_cpu='i686'
host_os='linux-gnu'
host_vendor='pc'
htmldir='${docdir}'
includedir='${prefix}/include'
infodir='${datarootdir}/info'
install_sh='$(SHELL) /home/darwin/software/mockpp-revised/revised-mockpp/config/install-sh'
libdir='${exec_prefix}/lib'
libexecdir='${exec_prefix}/libexec'
localedir='${datarootdir}/locale'
localstatedir='${prefix}/var'
mandir='${datarootdir}/man'
mkdir_p='/bin/mkdir -p'
oldincludedir='/usr/include'
pdfdir='${docdir}'
prefix='/usr/local'
program_transform_name='s,x,x,'
psdir='${docdir}'
sbindir='${exec_prefix}/sbin'
sharedstatedir='${prefix}/com'
sysconfdir='${prefix}/etc'
target_alias=''

## ----------- ##
## confdefs.h. ##
## ----------- ##

#define PACKAGE_NAME ""
#define PACKAGE_TARNAME ""
#define PACKAGE_VERSION ""
#define PACKAGE_STRING ""
#define PACKAGE_BUGREPORT ""
#define PACKAGE "mockpp"
#define VERSION "1.16.4"
#define STDC_HEADERS 1
#define HAVE_SYS_TYPES_H 1
#define HAVE_SYS_STAT_H 1
#define HAVE_STDLIB_H 1
#define HAVE_STRING_H 1
#define HAVE_MEMORY_H 1
#define HAVE_STRINGS_H 1
#define HAVE_INTTYPES_H 1
#define HAVE_STDINT_H 1
#define HAVE_UNISTD_H 1
#define HAVE_DLFCN_H 1
#define HAVE_RTTI 1
#define BYTEORDER 1234
#define MOCKPP_USE_BUILTIN_CXXTEST 1
#define MOCKPP_USE_CXXTEST 1
#define HAVE_LIBDL 1
#define HAVE_WSTRING 1
#define HAVE_WCSCMP 1
#define HAVE_STD_WCSCMP 1
#define HAVE_BOOSTTEST 1
#define MOCKPP_VERSION_NUMBER 0x00011004
#define HAVE_MEMMOVE 1
#define HAVE_BCOPY 1
#define HAVE_MMAP 1
#define HAVE_GETPAGESIZE 1
#define HAVE_LIMITS 1
#define HAVE_UNISTD_H 1
#define HAVE_SYS_TYPES_H 1
#define HAVE_SYS_STAT_H 1
#define HAVE_DLFCN_H 1
#define HAVE_FCNTL_H 1
#define HAVE_INTTYPES_H 1
#define HAVE_MEMORY_H 1
#define HAVE_STDINT_H 1
#define HAVE_STDLIB_H 1
#define HAVE_STRINGS_H 1
#define HAVE_STRING_H 1
#define HAVE_VALUES_H 1
#define HAVE_CWCHAR 1

configure: exit 0
